This is LuaHBTeX, Version 1.13.2 (TeX Live 2021)  (format=lualatex 2021.9.22)  16 FEB 2022 18:06
 restricted system commands enabled.
 file:line:error style messages enabled.
**"English grammar.tex"
("./English grammar.tex"
LaTeX2e <2021-06-01> patch level 1
Lua module: luaotfload 2021-05-21 3.18 Lua based OpenType font support
Lua module: lualibs 2021-05-20 2.74 ConTeXt Lua standard libraries.
Lua module: lualibs-extended 2021-05-20 2.74 ConTeXt Lua libraries -- extended c
ollection.
luaotfload | conf : Root cache directory is "/home/microslav/texlive/2021/texmf-
var/luatex-cache/generic/names".
luaotfload | init : Loading fontloader "fontloader-2021-05-20.lua" from kpse-res
olved path "/home/microslav/texlive/2021/texmf-dist/tex/luatex/luaotfload/fontlo
ader-2021-05-20.lua".
Lua-only attribute luaotfload@noligature = 1
Lua-only attribute luaotfload@syllabe = 2
luaotfload | init : Context OpenType loader version 3.116
Inserting `luaotfload.node_processor' at position 1 in `pre_linebreak_filter'.
Inserting `luaotfload.node_processor' at position 1 in `hpack_filter'.
Inserting `luaotfload.glyph_stream' at position 1 in `glyph_stream_provider'.
Inserting `luaotfload.define_font' at position 1 in `define_font'.
Lua-only attribute luaotfload_color_attribute = 3
luaotfload | conf : Root cache directory is "/home/microslav/texlive/2021/texmf-
var/luatex-cache/generic/names".
Inserting `luaotfload.harf.strip_prefix' at position 1 in `find_opentype_file'.
Inserting `luaotfload.harf.strip_prefix' at position 1 in `find_truetype_file'.
Inserting `luaotfload.harf.finalize_vlist' at position 1 in `post_linebreak_filt
er'.
Inserting `luaotfload.harf.finalize_hlist' at position 2 in `hpack_filter'.
Inserting `luaotfload.cleanup_files' at position 1 in `wrapup_run'.
Inserting `luaotfload.harf.finalize_unicode' at position 1 in `finish_pdffile'.
Inserting `luaotfload.glyphinfo' at position 1 in `glyph_info'.
Lua-only attribute luaotfload.letterspace_done = 4
Inserting `luaotfload.aux.set_sscale_dimens' at position 1 in `luaotfload.patch_
font'.
Inserting `luaotfload.aux.set_font_index' at position 2 in `luaotfload.patch_fon
t'.
Inserting `luaotfload.aux.patch_cambria_domh' at position 3 in `luaotfload.patch
_font'.
Inserting `luaotfload.aux.fixup_fontdata' at position 1 in `luaotfload.patch_fon
t_unsafe'.
Inserting `luaotfload.aux.set_capheight' at position 4 in `luaotfload.patch_font
'.
Inserting `luaotfload.aux.set_xheight' at position 5 in `luaotfload.patch_font'.
Inserting `luaotfload.rewrite_fontname' at position 6 in `luaotfload.patch_font'
. L3 programming layer <2021-08-27>
Inserting `tracingstacklevels' at position 1 in `input_level_string'.
(/home/microslav/texlive/2021/texmf-dist/tex/latex/base/article.cls
Document Class: article 2021/02/12 v1.4n Standard LaTeX document class
(/home/microslav/texlive/2021/texmf-dist/tex/latex/base/size10.clo
File: size10.clo 2021/02/12 v1.4n Standard LaTeX file (size option)
luaotfload | db : Font names database loaded from /home/microslav/texlive/2021/t
exmf-var/luatex-cache/generic/names/luaotfload-names.luc)
\c@part=\count179
\c@section=\count180
\c@subsection=\count181
\c@subsubsection=\count182
\c@paragraph=\count183
\c@subparagraph=\count184
\c@figure=\count185
\c@table=\count186
\abovecaptionskip=\skip47
\belowcaptionskip=\skip48
\bibindent=\dimen138
)
(/home/microslav/texlive/2021/texmf-dist/tex/latex/fontspec/fontspec.sty
(/home/microslav/texlive/2021/texmf-dist/tex/latex/l3packages/xparse/xparse.sty
(/home/microslav/texlive/2021/texmf-dist/tex/latex/l3kernel/expl3.sty
Package: expl3 2021-08-27 L3 programming layer (loader) 

(/home/microslav/texlive/2021/texmf-dist/tex/latex/l3backend/l3backend-luatex.d
ef
File: l3backend-luatex.def 2021-08-04 L3 backend support: PDF output (LuaTeX)
\l__color_backend_stack_int=\count187
\l__pdf_internal_box=\box50
))
Package: xparse 2021-08-27 L3 Experimental document command parser
)
Package: fontspec 2020/02/21 v2.7i Font selection for XeLaTeX and LuaLaTeX
Lua module: fontspec 2020/02/21 2.7i Font selection for XeLaTeX and LuaLaTeX
(/home/microslav/texlive/2021/texmf-dist/tex/latex/fontspec/fontspec-luatex.sty
Package: fontspec-luatex 2020/02/21 v2.7i Font selection for XeLaTeX and LuaLaT
eX
\l__fontspec_script_int=\count188
\l__fontspec_language_int=\count189
\l__fontspec_strnum_int=\count190
\l__fontspec_tmp_int=\count191
\l__fontspec_tmpa_int=\count192
\l__fontspec_tmpb_int=\count193
\l__fontspec_tmpc_int=\count194
\l__fontspec_em_int=\count195
\l__fontspec_emdef_int=\count196
\l__fontspec_strong_int=\count197
\l__fontspec_strongdef_int=\count198
\l__fontspec_tmpa_dim=\dimen139
\l__fontspec_tmpb_dim=\dimen140
\l__fontspec_tmpc_dim=\dimen141
(/home/microslav/texlive/2021/texmf-dist/tex/latex/base/fontenc.sty
Package: fontenc 2021/04/29 v2.0v Standard LaTeX package
)
(/home/microslav/texlive/2021/texmf-dist/tex/latex/fontspec/fontspec.cfg)))
luaotfload | cache : Lookup cache loaded from /home/microslav/texlive/2021/texmf
-var/luatex-cache/generic/names/luaotfload-lookup-cache.luc.
luaotfload | aux : font no 33 (nil) does not define feature smcp for script latn
 with language dflt
luaotfload | aux : font no 34 (nil) does not define feature smcp for script latn
 with language dflt

Package fontspec Info: Font family 'CMUSerif(0)' created for font 'CMU Serif'
(fontspec)             with options [Ligatures=TeX,Ligatures=TeX].
(fontspec)              
(fontspec)              This font family consists of the following NFSS
(fontspec)             series/shapes:
(fontspec)              
(fontspec)             - 'normal' (m/n) with NFSS spec.:
(fontspec)             <->"CMUSerif:mode=node;script=latn;language=dflt;+tlig;"

(fontspec)             - 'small caps'  (m/sc) with NFSS spec.:
(fontspec)             <->"CMUSerif:mode=node;script=latn;language=dflt;+tlig;+
smcp;"
(fontspec)             - 'bold' (b/n) with NFSS spec.:
(fontspec)             <->"CMUSerif/B:mode=node;script=latn;language=dflt;+tlig
;"
(fontspec)             - 'bold small caps'  (b/sc) with NFSS spec.:
(fontspec)             <->"CMUSerif/B:mode=node;script=latn;language=dflt;+tlig
;+smcp;"
(fontspec)             - 'italic' (m/it) with NFSS spec.:
(fontspec)             <->"CMUSerif/I:mode=node;script=latn;language=dflt;+tlig
;"
(fontspec)             - 'italic small caps'  (m/scit) with NFSS spec.: 
(fontspec)             - 'bold italic' (b/it) with NFSS spec.:
(fontspec)             <->"CMUSerif/BI:mode=node;script=latn;language=dflt;+tli
g;"
(fontspec)             - 'bold italic small caps'  (b/scit) with NFSS spec.: 


(/home/microslav/texlive/2021/texmf-dist/tex/latex/bookmark/bookmark.sty
Package: bookmark 2020-11-06 v1.29 PDF bookmarks (HO)

(/home/microslav/texlive/2021/texmf-dist/tex/latex/hyperref/hyperref.sty
Package: hyperref 2021-06-07 v7.00m Hypertext links for LaTeX

(/home/microslav/texlive/2021/texmf-dist/tex/generic/ltxcmds/ltxcmds.sty
Package: ltxcmds 2020-05-10 v1.25 LaTeX kernel commands for general use (HO)
)
(/home/microslav/texlive/2021/texmf-dist/tex/generic/iftex/iftex.sty
Package: iftex 2020/03/06 v1.0d TeX engine tests
)
(/home/microslav/texlive/2021/texmf-dist/tex/generic/pdftexcmds/pdftexcmds.sty
Package: pdftexcmds 2020-06-27 v0.33 Utility functions of pdfTeX for LuaTeX (HO
)

(/home/microslav/texlive/2021/texmf-dist/tex/generic/infwarerr/infwarerr.sty
Package: infwarerr 2019/12/03 v1.5 Providing info/warning/error messages (HO)
)
Package pdftexcmds Info: \pdf@primitive is available.
Package pdftexcmds Info: \pdf@ifprimitive is available.
Package pdftexcmds Info: \pdfdraftmode found.
\pdftexcmds@toks=\toks16
)
(/home/microslav/texlive/2021/texmf-dist/tex/latex/graphics/keyval.sty
Package: keyval 2014/10/28 v1.15 key=value parser (DPC)
\KV@toks@=\toks17
)
(/home/microslav/texlive/2021/texmf-dist/tex/generic/kvsetkeys/kvsetkeys.sty
Package: kvsetkeys 2019/12/15 v1.18 Key value parser (HO)
)
(/home/microslav/texlive/2021/texmf-dist/tex/generic/kvdefinekeys/kvdefinekeys.
sty
Package: kvdefinekeys 2019-12-19 v1.6 Define keys (HO)
)
(/home/microslav/texlive/2021/texmf-dist/tex/generic/pdfescape/pdfescape.sty
Package: pdfescape 2019/12/09 v1.15 Implements pdfTeX's escape features (HO)
)
(/home/microslav/texlive/2021/texmf-dist/tex/latex/hycolor/hycolor.sty
Package: hycolor 2020-01-27 v1.10 Color options for hyperref/bookmark (HO)
)
(/home/microslav/texlive/2021/texmf-dist/tex/latex/letltxmacro/letltxmacro.sty
Package: letltxmacro 2019/12/03 v1.6 Let assignment for LaTeX macros (HO)
) (/home/microslav/texlive/2021/texmf-dist/tex/latex/auxhook/auxhook.sty
Package: auxhook 2019-12-17 v1.6 Hooks for auxiliary files (HO)
)
(/home/microslav/texlive/2021/texmf-dist/tex/latex/kvoptions/kvoptions.sty
Package: kvoptions 2020-10-07 v3.14 Key value format for package options (HO)
)
\@linkdim=\dimen142
\Hy@linkcounter=\count199
\Hy@pagecounter=\count266

(/home/microslav/texlive/2021/texmf-dist/tex/latex/hyperref/pd1enc.def
File: pd1enc.def 2021-06-07 v7.00m Hyperref: PDFDocEncoding definition (HO)
)
(/home/microslav/texlive/2021/texmf-dist/tex/latex/hyperref/hyperref-langpatche
s.def
File: hyperref-langpatches.def 2021-06-07 v7.00m Hyperref: patches for babel la
nguages
) (/home/microslav/texlive/2021/texmf-dist/tex/generic/intcalc/intcalc.sty
Package: intcalc 2019/12/15 v1.3 Expandable calculations with integers (HO)
) (/home/microslav/texlive/2021/texmf-dist/tex/generic/etexcmds/etexcmds.sty
Package: etexcmds 2019/12/15 v1.7 Avoid name clashes with e-TeX commands (HO)
)
\Hy@SavedSpaceFactor=\count267

(/home/microslav/texlive/2021/texmf-dist/tex/latex/hyperref/puenc.def
File: puenc.def 2021-06-07 v7.00m Hyperref: PDF Unicode definition (HO)
)
Package hyperref Info: Hyper figures OFF on input line 4192.
Package hyperref Info: Link nesting OFF on input line 4197.
Package hyperref Info: Hyper index ON on input line 4200.
Package hyperref Info: Plain pages OFF on input line 4207.
Package hyperref Info: Backreferencing OFF on input line 4212.
Package hyperref Info: Implicit mode ON; LaTeX internals redefined.
Package hyperref Info: Bookmarks ON on input line 4445.
\c@Hy@tempcnt=\count268

(/home/microslav/texlive/2021/texmf-dist/tex/latex/url/url.sty
\Urlmuskip=\muskip16
Package: url 2013/09/16  ver 3.4  Verb mode for urls, etc.
)
LaTeX Info: Redefining \url on input line 4804.
\XeTeXLinkMargin=\dimen143

(/home/microslav/texlive/2021/texmf-dist/tex/generic/bitset/bitset.sty
Package: bitset 2019/12/09 v1.3 Handle bit-vector datatype (HO)

(/home/microslav/texlive/2021/texmf-dist/tex/generic/bigintcalc/bigintcalc.sty
Package: bigintcalc 2019/12/15 v1.5 Expandable calculations on big integers (HO
)
))
\Fld@menulength=\count269
\Field@Width=\dimen144
\Fld@charsize=\dimen145
Package hyperref Info: Hyper figures OFF on input line 6076.
Package hyperref Info: Link nesting OFF on input line 6081.
Package hyperref Info: Hyper index ON on input line 6084.
Package hyperref Info: backreferencing OFF on input line 6091.
Package hyperref Info: Link coloring OFF on input line 6096.
Package hyperref Info: Link coloring with OCG OFF on input line 6101.
Package hyperref Info: PDF/A mode OFF on input line 6106.
LaTeX Info: Redefining \ref on input line 6146.
LaTeX Info: Redefining \pageref on input line 6150.
 (/home/microslav/texlive/2021/texmf-dist/tex/latex/base/atbegshi-ltx.sty
Package: atbegshi-ltx 2021/01/10 v1.0c Emulation of the original atbegshi
package with kernel methods
)
\Hy@abspage=\count270
\c@Item=\count271
\c@Hfootnote=\count272
)
Package hyperref Info: Driver (autodetected): hluatex.

(/home/microslav/texlive/2021/texmf-dist/tex/latex/hyperref/hluatex.def
File: hluatex.def 2021-06-07 v7.00m Hyperref driver for luaTeX

(/home/microslav/texlive/2021/texmf-dist/tex/generic/stringenc/stringenc.sty
Package: stringenc 2019/11/29 v1.12 Convert strings between diff. encodings (HO
)
)
(/home/microslav/texlive/2021/texmf-dist/tex/latex/base/atveryend-ltx.sty
Package: atveryend-ltx 2020/08/19 v1.0a Emulation of the original atvery packag
e
with kernel methods
)
\Fld@listcount=\count273
\c@bookmark@seq@number=\count274

(/home/microslav/texlive/2021/texmf-dist/tex/latex/rerunfilecheck/rerunfilechec
k.sty
Package: rerunfilecheck 2019/12/05 v1.9 Rerun checks for auxiliary files (HO)

(/home/microslav/texlive/2021/texmf-dist/tex/generic/uniquecounter/uniquecounte
r.sty
Package: uniquecounter 2019/12/15 v1.4 Provide unlimited unique counter (HO)
)
Package uniquecounter Info: New unique counter `rerunfilecheck' on input line 2
86.
)
\Hy@SectionHShift=\skip49
)
(/home/microslav/texlive/2021/texmf-dist/tex/latex/bookmark/bkm-pdftex.def
File: bkm-pdftex.def 2020-11-06 v1.29 bookmark driver for pdfTeX (HO)
\BKM@id=\count275
))
(/home/microslav/texlive/2021/texmf-dist/tex/latex/tools/array.sty
Package: array 2021/04/20 v2.5e Tabular extension package (FMi)
\col@sep=\dimen146
\ar@mcellbox=\box51
\extrarowheight=\dimen147
\NC@list=\toks18
\extratabsurround=\skip50
\backup@length=\skip51
\ar@cellbox=\box52
)
(/home/microslav/texlive/2021/texmf-dist/tex/latex/graphics/color.sty
Package: color 2020/02/24 v1.2b Standard LaTeX Color (DPC)

(/home/microslav/texlive/2021/texmf-dist/tex/latex/graphics-cfg/color.cfg
File: color.cfg 2016/01/02 v1.6 sample color configuration
)
Package color Info: Driver file: luatex.def on input line 149.

(/home/microslav/texlive/2021/texmf-dist/tex/latex/graphics-def/luatex.def
File: luatex.def 2021/06/01 v1.2c Graphics/color driver for luatex
))
(/home/microslav/texlive/2021/texmf-dist/tex/latex/xcolor/xcolor.sty
Package: xcolor 2016/05/11 v2.12 LaTeX color extensions (UK)

(/home/microslav/texlive/2021/texmf-dist/tex/latex/graphics-cfg/color.cfg
File: color.cfg 2016/01/02 v1.6 sample color configuration
)
Package xcolor Info: Driver file: luatex.def on input line 225.
LaTeX Info: Redefining \color on input line 709.
Package xcolor Info: Model `cmy' substituted by `cmy0' on input line 1348.
Package xcolor Info: Model `hsb' substituted by `rgb' on input line 1352.
Package xcolor Info: Model `RGB' extended on input line 1364.
Package xcolor Info: Model `HTML' substituted by `rgb' on input line 1366.
Package xcolor Info: Model `Hsb' substituted by `hsb' on input line 1367.
Package xcolor Info: Model `tHsb' substituted by `hsb' on input line 1368.
Package xcolor Info: Model `HSB' substituted by `hsb' on input line 1369.
Package xcolor Info: Model `Gray' substituted by `gray' on input line 1370.
Package xcolor Info: Model `wave' substituted by `hsb' on input line 1371.
)
(/home/microslav/texlive/2021/texmf-dist/tex/latex/tools/longtable.sty
Package: longtable 2021-05-07 v4.16 Multi-page Table package (DPC)
\LTleft=\skip52
\LTright=\skip53
\LTpre=\skip54
\LTpost=\skip55
\LTchunksize=\count276
\LTcapwidth=\dimen148
\LT@head=\box53
\LT@firsthead=\box54
\LT@foot=\box55
\LT@lastfoot=\box56
\LT@gbox=\box57
\LT@cols=\count277
\LT@rows=\count278
\c@LT@tables=\count279
\c@LT@chunks=\count280
\LT@p@ftn=\toks19
)
(/home/microslav/texlive/2021/texmf-dist/tex/latex/ragged2e/ragged2e.sty
Package: ragged2e 2021/02/05 v3.0 ragged2e Package
\CenteringLeftskip=\skip56
\RaggedLeftLeftskip=\skip57
\RaggedRightLeftskip=\skip58
\CenteringRightskip=\skip59
\RaggedLeftRightskip=\skip60
\RaggedRightRightskip=\skip61
\CenteringParfillskip=\skip62
\RaggedLeftParfillskip=\skip63
\RaggedRightParfillskip=\skip64
\JustifyingParfillskip=\skip65
\CenteringParindent=\skip66
\RaggedLeftParindent=\skip67
\RaggedRightParindent=\skip68
\JustifyingParindent=\skip69
)
(/home/microslav/texlive/2021/texmf-dist/tex/latex/extsizes/extsizes.sty
Package: extsizes 1996/10/08 v1.0 Non Standard LaTeX Package


Package ExtSizes Warning: It is better to use one of the extsizes classes,
 if you can.

(/home/microslav/texlive/2021/texmf-dist/tex/latex/extsizes/size14.clo
File: size14.clo 1999/11/11 v1.4a NON-Standard LaTeX file (size option)
))
(/home/microslav/texlive/2021/texmf-dist/tex/latex/booktabs/booktabs.sty
Package: booktabs 2020/01/12 v1.61803398 Publication quality tables
\heavyrulewidth=\dimen149
\lightrulewidth=\dimen150
\cmidrulewidth=\dimen151
\belowrulesep=\dimen152
\belowbottomsep=\dimen153
\aboverulesep=\dimen154
\abovetopsep=\dimen155
\cmidrulesep=\dimen156
\cmidrulekern=\dimen157
\defaultaddspace=\dimen158
\@cmidla=\count281
\@cmidlb=\count282
\@aboverulesep=\dimen159
\@belowrulesep=\dimen160
\@thisruleclass=\count283
\@lastruleclass=\count284
\@thisrulewidth=\dimen161
)
(/home/microslav/texlive/2021/texmf-dist/tex/generic/ulem/ulem.sty
\UL@box=\box58
\UL@hyphenbox=\box59
\UL@skip=\skip70
\UL@hook=\toks20
\UL@height=\dimen162
\UL@pe=\count285
\UL@pixel=\dimen163
\ULC@box=\box60
Package: ulem 2019/11/18
\ULdepth=\dimen164
)
(/home/microslav/texlive/2021/texmf-dist/tex/latex/emoji/emoji.sty
Package: emoji 2021/07/17 v0.2.2 Emoji support in (Lua)LaTeX

(/home/microslav/texlive/2021/texmf-dist/tex/latex/emoji/emoji-table.def
File: emoji-table.def 2021/07/17 v0.2.2 Emojisupportin(Lua)LaTeX
))
(/home/microslav/texlive/2021/texmf-dist/tex/latex/subfiles/subfiles.sty
Package: subfiles 2020/11/14 v2.2 Multi-file projects (package)

(/home/microslav/texlive/2021/texmf-dist/tex/latex/import/import.sty
Package: import 2020/04/01  v 6.2
))
./English grammar.tex:22: Illegal unit of measure (pt inserted).
<to be read again> 
\relax 
l.22 \setlength{\parindent}{0}
                            
Dimensions can be in units of em, ex, in, pt, pc,
cm, mm, dd, cc, nd, nc, bp, or sp; but yours is a new one!
I'll assume that you meant to say pt, for printer's points.
To recover gracefully from this error, it's best to
delete the erroneous units; e.g., type `2' to delete
two letters. (See Chapter 27 of The TeXbook.)

./English grammar.tex:32: Illegal unit of measure (pt inserted).
<to be read again> 
\relax 
l.32 \setlength\LTpre{0}
                      
Dimensions can be in units of em, ex, in, pt, pc,
cm, mm, dd, cc, nd, nc, bp, or sp; but yours is a new one!
I'll assume that you meant to say pt, for printer's points.
To recover gracefully from this error, it's best to
delete the erroneous units; e.g., type `2' to delete
two letters. (See Chapter 27 of The TeXbook.)

./English grammar.tex:33: Illegal unit of measure (pt inserted).
<to be read again> 
\relax 
l.33 \setlength\LTpost{0}
                       
Dimensions can be in units of em, ex, in, pt, pc,
cm, mm, dd, cc, nd, nc, bp, or sp; but yours is a new one!
I'll assume that you meant to say pt, for printer's points.
To recover gracefully from this error, it's best to
delete the erroneous units; e.g., type `2' to delete
two letters. (See Chapter 27 of The TeXbook.)


("/home/microslav/projects/latex/english-grammar-reference/out/English grammar.
aux" (/home/microslav/projects/latex/english-grammar-reference/out/legend.aux)
(/home/microslav/projects/latex/english-grammar-reference/out/tenses/present.au
x)
(/home/microslav/projects/latex/english-grammar-reference/out/tenses/past.aux)
(/home/microslav/projects/latex/english-grammar-reference/out/tenses/future.aux
)
(/home/microslav/projects/latex/english-grammar-reference/out/speech-parts/moda
ls.aux)
(/home/microslav/projects/latex/english-grammar-reference/out/sentences/questio
ns.aux)
(/home/microslav/projects/latex/english-grammar-reference/out/speech-parts/verb
s.aux)
(/home/microslav/projects/latex/english-grammar-reference/out/speech-parts/noun
s.aux)
(/home/microslav/projects/latex/english-grammar-reference/out/speech-parts/quan
tifiers.aux)
(/home/microslav/projects/latex/english-grammar-reference/out/speech-parts/prep
ositions.aux)
(/home/microslav/projects/latex/english-grammar-reference/out/speech-parts/adje
ctives.aux)
(/home/microslav/projects/latex/english-grammar-reference/out/speech-parts/form
ation.aux)
(/home/microslav/projects/latex/english-grammar-reference/out/sentences/conditi
onals.aux)
(/home/microslav/projects/latex/english-grammar-reference/out/sentences/speech.
aux)
(/home/microslav/projects/latex/english-grammar-reference/out/sentences/linking
.aux) (/home/microslav/projects/latex/english-grammar-reference/out/sources.aux
))
\openout1 = English grammar.aux

LaTeX Font Info:    Checking defaults for OML/cmm/m/it on input line 70.
LaTeX Font Info:    ... okay on input line 70.
LaTeX Font Info:    Checking defaults for OMS/cmsy/m/n on input line 70.
LaTeX Font Info:    ... okay on input line 70.
LaTeX Font Info:    Checking defaults for OT1/cmr/m/n on input line 70.
LaTeX Font Info:    ... okay on input line 70.
LaTeX Font Info:    Checking defaults for T1/cmr/m/n on input line 70.
LaTeX Font Info:    ... okay on input line 70.
LaTeX Font Info:    Checking defaults for TS1/cmr/m/n on input line 70.
LaTeX Font Info:    Trying to load font information for TS1+cmr on input line 7
0.
 (/home/microslav/texlive/2021/texmf-dist/tex/latex/base/ts1cmr.fd
File: ts1cmr.fd 2019/12/16 v2.5j Standard LaTeX font definitions
)
LaTeX Font Info:    ... okay on input line 70.
LaTeX Font Info:    Checking defaults for TU/lmr/m/n on input line 70.
LaTeX Font Info:    ... okay on input line 70.
LaTeX Font Info:    Checking defaults for OMX/cmex/m/n on input line 70.
LaTeX Font Info:    ... okay on input line 70.
LaTeX Font Info:    Checking defaults for U/cmr/m/n on input line 70.
LaTeX Font Info:    ... okay on input line 70.
LaTeX Font Info:    Checking defaults for PD1/pdf/m/n on input line 70.
LaTeX Font Info:    ... okay on input line 70.
LaTeX Font Info:    Checking defaults for PU/pdf/m/n on input line 70.
LaTeX Font Info:    ... okay on input line 70.

Package fontspec Info: Adjusting the maths setup (use [no-math] to avoid
(fontspec)             this).

\symlegacymaths=\mathgroup4
LaTeX Font Info:    Overwriting symbol font `legacymaths' in version `bold'
(Font)                  OT1/cmr/m/n --> OT1/cmr/bx/n on input line 70.
LaTeX Font Info:    Redeclaring math accent \acute on input line 70.
LaTeX Font Info:    Redeclaring math accent \grave on input line 70.
LaTeX Font Info:    Redeclaring math accent \ddot on input line 70.
LaTeX Font Info:    Redeclaring math accent \tilde on input line 70.
LaTeX Font Info:    Redeclaring math accent \bar on input line 70.
LaTeX Font Info:    Redeclaring math accent \breve on input line 70.
LaTeX Font Info:    Redeclaring math accent \check on input line 70.
LaTeX Font Info:    Redeclaring math accent \hat on input line 70.
LaTeX Font Info:    Redeclaring math accent \dot on input line 70.
LaTeX Font Info:    Redeclaring math accent \mathring on input line 70.
LaTeX Font Info:    Redeclaring math symbol \colon on input line 70.
LaTeX Font Info:    Redeclaring math symbol \Gamma on input line 70.
LaTeX Font Info:    Redeclaring math symbol \Delta on input line 70.
LaTeX Font Info:    Redeclaring math symbol \Theta on input line 70.
LaTeX Font Info:    Redeclaring math symbol \Lambda on input line 70.
LaTeX Font Info:    Redeclaring math symbol \Xi on input line 70.
LaTeX Font Info:    Redeclaring math symbol \Pi on input line 70.
LaTeX Font Info:    Redeclaring math symbol \Sigma on input line 70.
LaTeX Font Info:    Redeclaring math symbol \Upsilon on input line 70.
LaTeX Font Info:    Redeclaring math symbol \Phi on input line 70.
LaTeX Font Info:    Redeclaring math symbol \Psi on input line 70.
LaTeX Font Info:    Redeclaring math symbol \Omega on input line 70.
LaTeX Font Info:    Redeclaring math symbol \mathdollar on input line 70.
LaTeX Font Info:    Redeclaring symbol font `operators' on input line 70.
LaTeX Font Info:    Encoding `OT1' has changed to `TU' for symbol font
(Font)              `operators' in the math version `normal' on input line 70.
LaTeX Font Info:    Overwriting symbol font `operators' in version `normal'
(Font)                  OT1/cmr/m/n --> TU/CMUSerif(0)/m/n on input line 70.
LaTeX Font Info:    Encoding `OT1' has changed to `TU' for symbol font
(Font)              `operators' in the math version `bold' on input line 70.
LaTeX Font Info:    Overwriting symbol font `operators' in version `bold'
(Font)                  OT1/cmr/bx/n --> TU/CMUSerif(0)/m/n on input line 70.
LaTeX Font Info:    Overwriting symbol font `operators' in version `normal'
(Font)                  TU/CMUSerif(0)/m/n --> TU/CMUSerif(0)/m/n on input line
 70.
LaTeX Font Info:    Overwriting math alphabet `\mathit' in version `normal'
(Font)                  OT1/cmr/m/it --> TU/CMUSerif(0)/m/it on input line 70.
LaTeX Font Info:    Overwriting math alphabet `\mathbf' in version `normal'
(Font)                  OT1/cmr/bx/n --> TU/CMUSerif(0)/b/n on input line 70.
LaTeX Font Info:    Overwriting math alphabet `\mathsf' in version `normal'
(Font)                  OT1/cmss/m/n --> TU/lmss/m/n on input line 70.
LaTeX Font Info:    Overwriting math alphabet `\mathtt' in version `normal'
(Font)                  OT1/cmtt/m/n --> TU/lmtt/m/n on input line 70.
LaTeX Font Info:    Overwriting symbol font `operators' in version `bold'
(Font)                  TU/CMUSerif(0)/m/n --> TU/CMUSerif(0)/b/n on input line
 70.
LaTeX Font Info:    Overwriting math alphabet `\mathit' in version `bold'
(Font)                  OT1/cmr/bx/it --> TU/CMUSerif(0)/b/it on input line 70.

LaTeX Font Info:    Overwriting math alphabet `\mathsf' in version `bold'
(Font)                  OT1/cmss/bx/n --> TU/lmss/b/n on input line 70.
LaTeX Font Info:    Overwriting math alphabet `\mathtt' in version `bold'
(Font)                  OT1/cmtt/m/n --> TU/lmtt/b/n on input line 70.
Package hyperref Info: Link coloring OFF on input line 70.

(/home/microslav/texlive/2021/texmf-dist/tex/latex/hyperref/nameref.sty
Package: nameref 2021-04-02 v2.47 Cross-referencing by name of section

(/home/microslav/texlive/2021/texmf-dist/tex/latex/refcount/refcount.sty
Package: refcount 2019/12/15 v3.6 Data extraction from label references (HO)
)
(/home/microslav/texlive/2021/texmf-dist/tex/generic/gettitlestring/gettitlestr
ing.sty
Package: gettitlestring 2019/12/15 v1.6 Cleanup title references (HO)
)
\c@section@level=\count286
)
LaTeX Info: Redefining \ref on input line 70.
LaTeX Info: Redefining \pageref on input line 70.
LaTeX Info: Redefining \nameref on input line 70.

(/home/microslav/texlive/2021/texmf-dist/tex/context/base/mkii/supp-pdf.mkii
[Loading MPS to PDF converter (version 2006.09.02).]
\scratchcounter=\count287
\scratchdimen=\dimen165
\scratchbox=\box61
\nofMPsegments=\count288
\nofMParguments=\count289
\everyMPshowfont=\toks21
\MPscratchCnt=\count290
\MPscratchDim=\dimen166
\MPnumerator=\count291
\makeMPintoPDFobject=\count292
\everyMPtoPDFconversion=\toks22
)

Package fontspec Info: Font family 'TwemojiMozilla(0)' created for font
(fontspec)             'TwemojiMozilla' with options
(fontspec)             [BoldFont={},ItalicFont={},SmallCapsFont={},Renderer=Har
fBuzz].
(fontspec)              
(fontspec)              This font family consists of the following NFSS
(fontspec)             series/shapes:
(fontspec)              
(fontspec)             - 'normal' (m/n) with NFSS spec.:
(fontspec)             <->"TwemojiMozilla:mode=harf;script=DFLT;language=dflt;"

(fontspec)             - 'small caps'  (m/sc) with NFSS spec.: 

LaTeX Font Info:    External font `cmex10' loaded for size
(Font)              <17.28> on input line 73.
LaTeX Font Info:    External font `cmex10' loaded for size
(Font)              <12> on input line 73.

("/home/microslav/projects/latex/english-grammar-reference/out/English grammar.
toc"
LaTeX Font Info:    External font `cmex10' loaded for size
(Font)              <14.4> on input line 3.
LaTeX Font Info:    External font `cmex10' loaded for size
(Font)              <7> on input line 3.
 [1

{/home/microslav/texlive/2021/texmf-var/fonts/map/pdftex/updmap/pdftex.map}] [2
]

LaTeX Font Warning: Font shape `TU/TwemojiMozilla(0)/b/n' undefined
(Font)              using `TU/TwemojiMozilla(0)/m/n' instead on input line 79.

)
\tf@toc=\write3

\openout3 = English grammar.toc
 [3] [4]
\openout2 = legend.aux
 (./legend.tex) [5

]
\openout2 = tenses/present.aux
 (./tenses/present.tex [6



] [7]) [8]
\openout2 = tenses/past.aux

(./tenses/past.tex
Overfull \hbox (5.93156pt too wide) in paragraph at lines 14--16
[]\TU/CMUSerif(0)/b/n/14.4 fin-ished \TU/CMUSerif(0)/m/n/14.4 ac-tions []with[]
 cer-tain time ex-pres-sions: \TU/CMUSerif(0)/m/it/14.4 yes-ter-day, last (night
/week/year),
 []

[9



]) [10]
\openout2 = tenses/future.aux
 (./tenses/future.tex [11



]) [12]
\openout2 = speech-parts/modals.aux
 (./speech-parts/modals.tex [13



]
./speech-parts/modals.tex:60: Undefined control sequence.
<argument> Is it all right if \ldost 
                          {}?
l.60 ...}?} or \textit{Is it all right if \ldost{}?}
                                                  .
The control sequence at the end of the top line
of your error message was never \def'ed. If you have
misspelled it (e.g., `\hobx'), type `I' and the correct
spelling (e.g., `I\hbox'). Otherwise just continue,
and I'll forget about whatever was undefined.

) [14]
\openout2 = sentences/questions.aux
 (./sentences/questions.tex [15



]) [16]
\openout2 = speech-parts/verbs.aux
 (./speech-parts/verbs.tex [17



])
[18]
\openout2 = speech-parts/nouns.aux
 (./speech-parts/nouns.tex [19



] [20] [21]) [22]
\openout2 = speech-parts/quantifiers.aux

(./speech-parts/quantifiers.tex [23



] [24]) [25]
\openout2 = speech-parts/prepositions.aux

(./speech-parts/prepositions.tex

./speech-parts/prepositions.tex:16: LaTeX Error: Lonely \item--perhaps a missin
g list environment.

See the LaTeX manual or LaTeX Companion for explanation.
Type  H <return>  for immediate help.
 ...                                              
                                                  
l.16 \item S
          ome prepositions are: \textit{above, among, at, around/round, behi...
Try typing  <return>  to proceed.
If that doesn't work, type  X <return>  to quit.


Underfull \hbox (badness 10000) detected at line 16
[][]
 []

[26



]) [27]
\openout2 = speech-parts/adjectives.aux
 (./speech-parts/adjectives.tex [28



] [29]) [30]
\openout2 = speech-parts/formation.aux

(./speech-parts/formation.tex) [31



]
\openout2 = sentences/conditionals.aux
 (./sentences/conditionals.tex [32



] [33])
[34]
\openout2 = sentences/speech.aux
 (./sentences/speech.tex [35



]) [36]
\openout2 = sentences/linking.aux
 (./sentences/linking.tex

./sentences/linking.tex:18: LaTeX Error: Something's wrong--perhaps a missing \
item.

See the LaTeX manual or LaTeX Companion for explanation.
Type  H <return>  for immediate help.
 ...                                              
                                                  
l.18     \subsubsection
                     {Addition}
Try typing  <return>  to proceed.
If that doesn't work, type  X <return>  to quit.


./sentences/linking.tex:18: LaTeX Error: Something's wrong--perhaps a missing \
item.

See the LaTeX manual or LaTeX Companion for explanation.
Type  H <return>  for immediate help.
 ...                                              
                                                  
l.18     \subsubsection
                     {Addition}
Try typing  <return>  to proceed.
If that doesn't work, type  X <return>  to quit.


Overfull \hbox (10.27994pt too wide) in paragraph at lines 16--18
\TU/CMUSerif(0)/b/n/14.4 THERE SHOULD BE SPEC-I-FIED CER-TAIN DIF-FER-ENCE IN ME
AN-
 []


Overfull \hbox (3.14519pt too wide) in paragraph at lines 23--25
[]\TU/CMUSerif(0)/b/n/14.4 more \TU/CMUSerif(0)/m/n/14.4 in-for-ma-tion, use $[
]$
 []


Overfull \hbox (7.04796pt too wide) in paragraph at lines 35--37
[]\TU/CMUSerif(0)/m/n/14.4 Use $[]$ to \TU/CMUSerif(0)/b/n/14.4 com-
 []

[37



] [38]) [39]
\openout2 = sources.aux
 (./sources.tex) [40



]

./English grammar.tex:97: LaTeX Error: \begin{itemize} on input line 52 ended b
y \end{document}.

See the LaTeX manual or LaTeX Companion for explanation.
Type  H <return>  for immediate help.
 ...                                              
                                                  
l.97 \end{document}
                 
Your command was ignored.
Type  I <command> <return>  to replace it with another command,
or  <return>  to continue without it.


("/home/microslav/projects/latex/english-grammar-reference/out/English grammar.
aux" (/home/microslav/projects/latex/english-grammar-reference/out/legend.aux)
(/home/microslav/projects/latex/english-grammar-reference/out/tenses/present.au
x)
(/home/microslav/projects/latex/english-grammar-reference/out/tenses/past.aux)
(/home/microslav/projects/latex/english-grammar-reference/out/tenses/future.aux
)
(/home/microslav/projects/latex/english-grammar-reference/out/speech-parts/moda
ls.aux)
(/home/microslav/projects/latex/english-grammar-reference/out/sentences/questio
ns.aux)
(/home/microslav/projects/latex/english-grammar-reference/out/speech-parts/verb
s.aux)
(/home/microslav/projects/latex/english-grammar-reference/out/speech-parts/noun
s.aux)
(/home/microslav/projects/latex/english-grammar-reference/out/speech-parts/quan
tifiers.aux)
(/home/microslav/projects/latex/english-grammar-reference/out/speech-parts/prep
ositions.aux)
(/home/microslav/projects/latex/english-grammar-reference/out/speech-parts/adje
ctives.aux)
(/home/microslav/projects/latex/english-grammar-reference/out/speech-parts/form
ation.aux)
(/home/microslav/projects/latex/english-grammar-reference/out/sentences/conditi
onals.aux)
(/home/microslav/projects/latex/english-grammar-reference/out/sentences/speech.
aux)
(/home/microslav/projects/latex/english-grammar-reference/out/sentences/linking
.aux) (/home/microslav/projects/latex/english-grammar-reference/out/sources.aux
))

LaTeX Font Warning: Some font shapes were not available, defaults substituted.

)
(\end occurred inside a group at level 1)

### semi simple group (level 1) entered at line 52 (\begingroup)
### bottom level

Here is how much of LuaTeX's memory you used:
 16876 strings out of 478112
 100000,662416 words of node,token memory allocated
 610 words of node memory still in use:
   3 hlist, 1 vlist, 1 rule, 2 glue, 3 kern, 1 glyph, 6 attribute, 85 glue_spec,
 6 attribute_list, 1 shape, 3 write nodes
   avail lists: 2:852,3:561,4:155,5:660,6:123,7:4012,8:94,9:542,10:5,11:209
 36231 multiletter control sequences out of 65536+600000
 68 fonts using 22885199 bytes
 74i,6n,84p,769b,473s stack positions out of 5000i,500n,10000p,200000b,80000s
</home/microslav/texlive/2021/texmf-dist/fonts/opentype/public/cm-unicode/cmunbi
.otf></home/microslav/texlive/2021/texmf-dist/fonts/opentype/public/cm-unicode/c
munti.otf></home/microslav/texlive/2021/texmf-dist/fonts/truetype/public/twemoji
-colr/TwemojiMozilla.ttf></home/microslav/texlive/2021/texmf-dist/fonts/opentype
/public/cm-unicode/cmunbx.otf></home/microslav/texlive/2021/texmf-dist/fonts/ope
ntype/public/cm-unicode/cmunrm.otf></home/microslav/texlive/2021/texmf-dist/font
s/type1/public/amsfonts/cm/cmsy10.pfb>
Output written on English grammar.pdf (40 pages, 138027 bytes).

PDF statistics: 763 PDF objects out of 1000 (max. 8388607)
 698 compressed objects within 7 object streams
 150 named destinations out of 1000 (max. 131072)
 849 words of extra memory for PDF output out of 10000 (max. 100000000)

